<?xml version="1.0" encoding="UTF-8"?>
<!-- Generated by org.testng.reporters.JUnitReportReporter -->
<testsuite hostname="DESKTOP-O3OA5CN" failures="0" tests="1" name="testpackage.CompanypageTest" time="34.883" errors="0" timestamp="2021-10-31T00:35:28 PDT" skipped="0">
  <testcase classname="testpackage.CompanypageTest" name="ValidateCompanycreated" time="34.883"/>
  <system-out/>
</testsuite> <!-- testpackage.CompanypageTest -->
